TN:
SF:/home/bemox/Desktop/repos/node-backend-api/api/index.js
FN:22,(anonymous_0)
FNF:1
FNH:1
FNDA:1,(anonymous_0)
DA:1,1
DA:2,1
DA:3,1
DA:4,1
DA:5,1
DA:8,1
DA:11,1
DA:12,1
DA:13,1
DA:17,1
DA:22,1
DA:27,1
LF:12
LH:12
BRDA:8,0,0,1
BRDA:8,0,1,1
BRF:2
BRH:2
end_of_record
TN:
SF:/home/bemox/Desktop/repos/node-backend-api/api/helpers/index.js
FN:7,Hash
FN:12,Compare
FNF:2
FNH:2
FNDA:4,Hash
FNDA:2,Compare
DA:1,1
DA:2,1
DA:4,1
DA:8,4
DA:13,2
DA:19,1
LF:6
LH:6
BRDA:8,0,0,3
BRDA:8,0,1,1
BRDA:13,1,0,2
BRDA:13,1,1,0
BRDA:13,2,0,2
BRDA:13,2,1,2
BRF:6
BRH:5
end_of_record
TN:
SF:/home/bemox/Desktop/repos/node-backend-api/api/routes/products.route.js
FN:6,(anonymous_0)
FNF:1
FNH:1
FNDA:1,(anonymous_0)
DA:1,1
DA:6,1
DA:8,1
DA:18,1
LF:4
LH:4
BRF:0
BRH:0
end_of_record
